2016-10-06 18:43:50 - PHP Notice:  Undefined variable: setting in C:\xampp\htdocs\projects\food\catalog\controller\common\home.php on line 21
2016-10-06 18:43:50 - PHP Notice:  Undefined variable: setting in C:\xampp\htdocs\projects\food\catalog\controller\common\home.php on line 21
2016-10-06 18:43:50 - PHP Warning:  imagecreatetruecolor(): Invalid image dimensions in C:\xampp\htdocs\projects\food\system\library\image.php on line 105
2016-10-06 18:43:50 - PHP Warning:  imagecolorallocate() expects parameter 1 to be resource, boolean given in C:\xampp\htdocs\projects\food\system\library\image.php on line 113
2016-10-06 18:43:50 - PHP Warning:  imagefilledrectangle() expects parameter 1 to be resource, boolean given in C:\xampp\htdocs\projects\food\system\library\image.php on line 116
2016-10-06 18:43:50 - PHP Warning:  imagecopyresampled() expects parameter 1 to be resource, boolean given in C:\xampp\htdocs\projects\food\system\library\image.php on line 118
2016-10-06 18:43:50 - PHP Notice:  Undefined variable: setting in C:\xampp\htdocs\projects\food\catalog\controller\common\home.php on line 21
2016-10-06 18:43:50 - PHP Notice:  Undefined variable: setting in C:\xampp\htdocs\projects\food\catalog\controller\common\home.php on line 21
2016-10-06 18:43:50 - PHP Warning:  imagecreatetruecolor(): Invalid image dimensions in C:\xampp\htdocs\projects\food\system\library\image.php on line 105
2016-10-06 18:43:50 - PHP Warning:  imagecolorallocate() expects parameter 1 to be resource, boolean given in C:\xampp\htdocs\projects\food\system\library\image.php on line 113
2016-10-06 18:43:50 - PHP Warning:  imagefilledrectangle() expects parameter 1 to be resource, boolean given in C:\xampp\htdocs\projects\food\system\library\image.php on line 116
2016-10-06 18:43:50 - PHP Warning:  imagecopyresampled() expects parameter 1 to be resource, boolean given in C:\xampp\htdocs\projects\food\system\library\image.php on line 118
2016-10-06 18:43:50 - PHP Notice:  Undefined variable: setting in C:\xampp\htdocs\projects\food\catalog\controller\common\home.php on line 21
2016-10-06 18:43:50 - PHP Notice:  Undefined variable: setting in C:\xampp\htdocs\projects\food\catalog\controller\common\home.php on line 21
2016-10-06 18:43:50 - PHP Warning:  imagecreatetruecolor(): Invalid image dimensions in C:\xampp\htdocs\projects\food\system\library\image.php on line 105
2016-10-06 18:43:50 - PHP Warning:  imagecolorallocate() expects parameter 1 to be resource, boolean given in C:\xampp\htdocs\projects\food\system\library\image.php on line 113
2016-10-06 18:43:50 - PHP Warning:  imagefilledrectangle() expects parameter 1 to be resource, boolean given in C:\xampp\htdocs\projects\food\system\library\image.php on line 116
2016-10-06 18:43:50 - PHP Warning:  imagecopyresampled() expects parameter 1 to be resource, boolean given in C:\xampp\htdocs\projects\food\system\library\image.php on line 118
2016-10-06 18:43:50 - PHP Notice:  Undefined variable: setting in C:\xampp\htdocs\projects\food\catalog\controller\common\home.php on line 21
2016-10-06 18:43:50 - PHP Notice:  Undefined variable: setting in C:\xampp\htdocs\projects\food\catalog\controller\common\home.php on line 21
2016-10-06 18:43:50 - PHP Warning:  imagecreatetruecolor(): Invalid image dimensions in C:\xampp\htdocs\projects\food\system\library\image.php on line 105
2016-10-06 18:43:50 - PHP Warning:  imagecolorallocate() expects parameter 1 to be resource, boolean given in C:\xampp\htdocs\projects\food\system\library\image.php on line 113
2016-10-06 18:43:50 - PHP Warning:  imagefilledrectangle() expects parameter 1 to be resource, boolean given in C:\xampp\htdocs\projects\food\system\library\image.php on line 116
2016-10-06 18:43:50 - PHP Warning:  imagecopyresampled() expects parameter 1 to be resource, boolean given in C:\xampp\htdocs\projects\food\system\library\image.php on line 118
2016-10-06 18:43:50 - PHP Notice:  Undefined variable: setting in C:\xampp\htdocs\projects\food\catalog\controller\common\home.php on line 21
2016-10-06 18:43:50 - PHP Notice:  Undefined variable: setting in C:\xampp\htdocs\projects\food\catalog\controller\common\home.php on line 21
2016-10-06 18:43:51 - PHP Warning:  imagecreatetruecolor(): Invalid image dimensions in C:\xampp\htdocs\projects\food\system\library\image.php on line 105
2016-10-06 18:43:51 - PHP Warning:  imagecolorallocate() expects parameter 1 to be resource, boolean given in C:\xampp\htdocs\projects\food\system\library\image.php on line 113
2016-10-06 18:43:51 - PHP Warning:  imagefilledrectangle() expects parameter 1 to be resource, boolean given in C:\xampp\htdocs\projects\food\system\library\image.php on line 116
2016-10-06 18:43:51 - PHP Warning:  imagecopyresampled() expects parameter 1 to be resource, boolean given in C:\xampp\htdocs\projects\food\system\library\image.php on line 118
2016-10-06 18:43:51 - PHP Notice:  Undefined variable: setting in C:\xampp\htdocs\projects\food\catalog\controller\common\home.php on line 21
2016-10-06 18:43:51 - PHP Notice:  Undefined variable: setting in C:\xampp\htdocs\projects\food\catalog\controller\common\home.php on line 21
2016-10-06 18:43:51 - PHP Warning:  imagecreatetruecolor(): Invalid image dimensions in C:\xampp\htdocs\projects\food\system\library\image.php on line 105
2016-10-06 18:43:51 - PHP Warning:  imagecolorallocate() expects parameter 1 to be resource, boolean given in C:\xampp\htdocs\projects\food\system\library\image.php on line 113
2016-10-06 18:43:51 - PHP Warning:  imagefilledrectangle() expects parameter 1 to be resource, boolean given in C:\xampp\htdocs\projects\food\system\library\image.php on line 116
2016-10-06 18:43:51 - PHP Warning:  imagecopyresampled() expects parameter 1 to be resource, boolean given in C:\xampp\htdocs\projects\food\system\library\image.php on line 118
2016-10-06 18:44:23 - PHP Notice:  Undefined variable: setting in C:\xampp\htdocs\projects\food\catalog\controller\common\home.php on line 21
2016-10-06 18:44:23 - PHP Notice:  Undefined variable: setting in C:\xampp\htdocs\projects\food\catalog\controller\common\home.php on line 21
2016-10-06 18:44:24 - PHP Warning:  imagecreatetruecolor(): Invalid image dimensions in C:\xampp\htdocs\projects\food\system\library\image.php on line 105
2016-10-06 18:44:24 - PHP Warning:  imagecolorallocate() expects parameter 1 to be resource, boolean given in C:\xampp\htdocs\projects\food\system\library\image.php on line 113
2016-10-06 18:44:24 - PHP Warning:  imagefilledrectangle() expects parameter 1 to be resource, boolean given in C:\xampp\htdocs\projects\food\system\library\image.php on line 116
2016-10-06 18:44:24 - PHP Warning:  imagecopyresampled() expects parameter 1 to be resource, boolean given in C:\xampp\htdocs\projects\food\system\library\image.php on line 118
2016-10-06 18:44:24 - PHP Notice:  Undefined variable: setting in C:\xampp\htdocs\projects\food\catalog\controller\common\home.php on line 21
2016-10-06 18:44:24 - PHP Notice:  Undefined variable: setting in C:\xampp\htdocs\projects\food\catalog\controller\common\home.php on line 21
2016-10-06 18:44:24 - PHP Warning:  imagecreatetruecolor(): Invalid image dimensions in C:\xampp\htdocs\projects\food\system\library\image.php on line 105
2016-10-06 18:44:24 - PHP Warning:  imagecolorallocate() expects parameter 1 to be resource, boolean given in C:\xampp\htdocs\projects\food\system\library\image.php on line 113
2016-10-06 18:44:24 - PHP Warning:  imagefilledrectangle() expects parameter 1 to be resource, boolean given in C:\xampp\htdocs\projects\food\system\library\image.php on line 116
2016-10-06 18:44:24 - PHP Warning:  imagecopyresampled() expects parameter 1 to be resource, boolean given in C:\xampp\htdocs\projects\food\system\library\image.php on line 118
2016-10-06 18:44:24 - PHP Notice:  Undefined variable: setting in C:\xampp\htdocs\projects\food\catalog\controller\common\home.php on line 21
2016-10-06 18:44:24 - PHP Notice:  Undefined variable: setting in C:\xampp\htdocs\projects\food\catalog\controller\common\home.php on line 21
2016-10-06 18:44:24 - PHP Warning:  imagecreatetruecolor(): Invalid image dimensions in C:\xampp\htdocs\projects\food\system\library\image.php on line 105
2016-10-06 18:44:24 - PHP Warning:  imagecolorallocate() expects parameter 1 to be resource, boolean given in C:\xampp\htdocs\projects\food\system\library\image.php on line 113
2016-10-06 18:44:24 - PHP Warning:  imagefilledrectangle() expects parameter 1 to be resource, boolean given in C:\xampp\htdocs\projects\food\system\library\image.php on line 116
2016-10-06 18:44:24 - PHP Warning:  imagecopyresampled() expects parameter 1 to be resource, boolean given in C:\xampp\htdocs\projects\food\system\library\image.php on line 118
2016-10-06 18:44:24 - PHP Notice:  Undefined variable: setting in C:\xampp\htdocs\projects\food\catalog\controller\common\home.php on line 21
2016-10-06 18:44:24 - PHP Notice:  Undefined variable: setting in C:\xampp\htdocs\projects\food\catalog\controller\common\home.php on line 21
2016-10-06 18:44:24 - PHP Warning:  imagecreatetruecolor(): Invalid image dimensions in C:\xampp\htdocs\projects\food\system\library\image.php on line 105
2016-10-06 18:44:24 - PHP Warning:  imagecolorallocate() expects parameter 1 to be resource, boolean given in C:\xampp\htdocs\projects\food\system\library\image.php on line 113
2016-10-06 18:44:24 - PHP Warning:  imagefilledrectangle() expects parameter 1 to be resource, boolean given in C:\xampp\htdocs\projects\food\system\library\image.php on line 116
2016-10-06 18:44:24 - PHP Warning:  imagecopyresampled() expects parameter 1 to be resource, boolean given in C:\xampp\htdocs\projects\food\system\library\image.php on line 118
2016-10-06 18:44:24 - PHP Notice:  Undefined variable: setting in C:\xampp\htdocs\projects\food\catalog\controller\common\home.php on line 21
2016-10-06 18:44:24 - PHP Notice:  Undefined variable: setting in C:\xampp\htdocs\projects\food\catalog\controller\common\home.php on line 21
2016-10-06 18:44:24 - PHP Warning:  imagecreatetruecolor(): Invalid image dimensions in C:\xampp\htdocs\projects\food\system\library\image.php on line 105
2016-10-06 18:44:24 - PHP Warning:  imagecolorallocate() expects parameter 1 to be resource, boolean given in C:\xampp\htdocs\projects\food\system\library\image.php on line 113
2016-10-06 18:44:24 - PHP Warning:  imagefilledrectangle() expects parameter 1 to be resource, boolean given in C:\xampp\htdocs\projects\food\system\library\image.php on line 116
2016-10-06 18:44:24 - PHP Warning:  imagecopyresampled() expects parameter 1 to be resource, boolean given in C:\xampp\htdocs\projects\food\system\library\image.php on line 118
2016-10-06 18:44:24 - PHP Notice:  Undefined variable: setting in C:\xampp\htdocs\projects\food\catalog\controller\common\home.php on line 21
2016-10-06 18:44:24 - PHP Notice:  Undefined variable: setting in C:\xampp\htdocs\projects\food\catalog\controller\common\home.php on line 21
2016-10-06 18:44:24 - PHP Warning:  imagecreatetruecolor(): Invalid image dimensions in C:\xampp\htdocs\projects\food\system\library\image.php on line 105
2016-10-06 18:44:24 - PHP Warning:  imagecolorallocate() expects parameter 1 to be resource, boolean given in C:\xampp\htdocs\projects\food\system\library\image.php on line 113
2016-10-06 18:44:24 - PHP Warning:  imagefilledrectangle() expects parameter 1 to be resource, boolean given in C:\xampp\htdocs\projects\food\system\library\image.php on line 116
2016-10-06 18:44:24 - PHP Warning:  imagecopyresampled() expects parameter 1 to be resource, boolean given in C:\xampp\htdocs\projects\food\system\library\image.php on line 118
2016-10-06 18:44:25 - PHP Notice:  Undefined variable: module_name in C:\xampp\htdocs\projects\food\catalog\view\theme\food\template\common\home.tpl on line 11
2016-10-06 18:45:55 - PHP Notice:  Undefined variable: module_name in C:\xampp\htdocs\projects\food\catalog\view\theme\food\template\common\home.tpl on line 11
2016-10-06 18:47:07 - PHP Notice:  Undefined variable: module_name in C:\xampp\htdocs\projects\food\catalog\view\theme\food\template\common\home.tpl on line 11
